WARNING: The return values reported here may be bugged on some systems.
          See https://github.com/gavinfielder/pft/issues/11
          Run in non-fork mode (-X) to ensure accurate return value
          reporting, set IGNORE_RETURN_VALUE=1 in options-config.ini,
          or run test_pipes.sh to see if your system has this bug.
          This bug does not affect the pass/fail result of a test, nor
          the function output--only the reported return value.


Test   7 (pct_5w) : FAILED.
    First line of code: {return test("%5%");}
      expected return value : 5
      your return value     : 1
      expected output : "    %"
      your output     : "%"
      expected (nonprintable as hex) : "    %"
      actual   (nonprintable as hex) : "%"

Test   8 (pct_5wlj) : FAILED.
    First line of code: {return test("%-5%");}
      expected return value : 5
      your return value     : 1
      expected output : "%    "
      your output     : "%"
      expected (nonprintable as hex) : "%    "
      actual   (nonprintable as hex) : "%"

Test   9 (pct_5wzp) : FAILED.
    First line of code: {return test("%05%");}
      expected return value : 5
      your return value     : 1
      expected output : "0000%"
      your output     : "%"
      expected (nonprintable as hex) : "0000%"
      actual   (nonprintable as hex) : "%"

Test  10 (pct_5wljzp) : FAILED.
    First line of code: {return test("%-05%");}
      expected return value : 5
      your return value     : 1
      expected output : "%    "
      your output     : "%"
      expected (nonprintable as hex) : "%    "
      actual   (nonprintable as hex) : "%"

Test  11 (nocrash_nullspec_basic) : FAILED.
    (nocrash test: automatically passes provided no unexpected failure)
    First line of code: {return test("%");}
    Timed out

Test  12 (nocrash_nullspec_5w) : FAILED.
    (nocrash test: automatically passes provided no unexpected failure)
    First line of code: {return test("%5");}
    Timed out

Test  13 (nocrash_nullspec_5wzp) : FAILED.
    (nocrash test: automatically passes provided no unexpected failure)
    First line of code: {return test("%05");}
    Timed out

Test  14 (nocrash_nullspec_5wzplj) : FAILED.
    (nocrash test: automatically passes provided no unexpected failure)
    First line of code: {return test("%-05");}
    Timed out

Test  15 (nocrash_nullspec_5wlj) : FAILED.
    (nocrash test: automatically passes provided no unexpected failure)
    First line of code: {return test("%-5");}
    Timed out

Test  24 (s_space_padded_field_width) : FAILED.
    First line of code: {return test("%32s", "abc");}
      expected return value : 35
      your return value     : 3
      expected output : "                             abc"
      your output     : "abc"
      expected (nonprintable as hex) : "                             abc"
      actual   (nonprintable as hex) : "abc"

Test  25 (s_space_padded_field_width2) : FAILED.
    First line of code: {return test("%16s", "nark nark");}
      expected return value : 17
      your return value     : 9
      expected output : "       nark nark"
      your output     : "nark nark"
      expected (nonprintable as hex) : "       nark nark"
      actual   (nonprintable as hex) : "nark nark"

Test  27 (s_space_padded_field_width_lj) : FAILED.
    First line of code: {return test("%-32s", "abc");}
      expected return value : 35
      your return value     : 3
      expected output : "abc                             "
      your output     : "abc"
      expected (nonprintable as hex) : "abc                             "
      actual   (nonprintable as hex) : "abc"

Test  28 (s_space_padded_field_width2_lj) : FAILED.
    First line of code: {return test("%-16s", "nark nark");}
      expected return value : 17
      your return value     : 9
      expected output : "nark nark       "
      your output     : "nark nark"
      expected (nonprintable as hex) : "nark nark       "
      actual   (nonprintable as hex) : "nark nark"

Test  31 (s_string_prec_trunc) : FAILED.
    First line of code: {return test("%.3s", "hello");}
      expected return value : 3
      your return value     : 5
      expected output : "hel"
      your output     : "hello"
      expected (nonprintable as hex) : "hel"
      actual   (nonprintable as hex) : "hello"

Test  32 (s_string_prec_default) : FAILED.
    First line of code: {return test("%.s", "hello");}
      expected return value : 0
      your return value     : 5
      expected output : ""
      your output     : "hello"
      expected (nonprintable as hex) : ""
      actual   (nonprintable as hex) : "hello"

Test  33 (s_string_prec_zero) : FAILED.
    First line of code: {return test("%.0s", "hello");}
      expected return value : 0
      your return value     : 5
      expected output : ""
      your output     : "hello"
      expected (nonprintable as hex) : ""
      actual   (nonprintable as hex) : "hello"

Test  34 (s_two_strings_prec_2trunc) : FAILED.
    First line of code: {return test("%.3s%.2s", "holla", "bitch");}
      expected return value : 5
      your return value     : 11
      expected output : "holbi"
      your output     : "hollabitch"
      expected (nonprintable as hex) : "holbi"
      actual   (nonprintable as hex) : "hollabitch"

Test  35 (s_two_strings_prec_1trunc_a) : FAILED.
    First line of code: {return test("%.2s%.7s", "hello", "world");}
      expected return value : 7
      your return value     : 11
      expected output : "heworld"
      your output     : "helloworld"
      expected (nonprintable as hex) : "heworld"
      actual   (nonprintable as hex) : "helloworld"

Test  36 (s_two_strings_prec_1trunc_b) : FAILED.
    First line of code: {return test("%.7s%.2s", "hello", "world");}
      expected return value : 7
      your return value     : 11
      expected output : "hellowo"
      your output     : "helloworld"
      expected (nonprintable as hex) : "hellowo"
      actual   (nonprintable as hex) : "helloworld"

Test  37 (s_two_strings_prec_0trunc) : FAILED.
    First line of code: {return test("%.5s%7s", "yo", "boi");}
      expected return value : 9
      your return value     : 5
      expected output : "yo    boi"
      your output     : "yoboi"
      expected (nonprintable as hex) : "yo    boi"
      actual   (nonprintable as hex) : "yoboi"

Test  38 (s_string_prec_width_notrunc) : FAILED.
    First line of code: {return test("%7.5s", "yolo");}
      expected return value : 7
      your return value     : 4
      expected output : "   yolo"
      your output     : "yolo"
      expected (nonprintable as hex) : "   yolo"
      actual   (nonprintable as hex) : "yolo"

Test  39 (s_string_prec_width_trunc) : FAILED.
    First line of code: {return test("%7.5s", "bombastic");}
      expected return value : 7
      your return value     : 9
      expected output : "  bomba"
      your output     : "bombastic"
      expected (nonprintable as hex) : "  bomba"
      actual   (nonprintable as hex) : "bombastic"

Test  40 (s_string_prec_width_notrunc_lj) : FAILED.
    First line of code: {return test("%-7.5s", "yolo");}
      expected return value : 7
      your return value     : 4
      expected output : "yolo   "
      your output     : "yolo"
      expected (nonprintable as hex) : "yolo   "
      actual   (nonprintable as hex) : "yolo"

Test  41 (s_string_prec_width_trunc_lj) : FAILED.
    First line of code: {return test("%-7.5s", "tubular");}
      expected return value : 7
      your return value     : 7
      expected output : "tubul  "
      your output     : "tubular"
      expected (nonprintable as hex) : "tubul  "
      actual   (nonprintable as hex) : "tubular"

Test  42 (s_two_s_prec_width_2fit_0trunc) : FAILED.
    First line of code: {return test("%7.7s%7.7s", "hello", "world");}
      expected return value : 15
      your return value     : 11
      expected output : "  hello  world"
      your output     : "helloworld"
      expected (nonprintable as hex) : "  hello  world"
      actual   (nonprintable as hex) : "helloworld"

Test  43 (s_two_s_prec_width_1fit_a_0trunc) : FAILED.
    First line of code: {return test("%3.7s%7.7s", "hello", "world");}
      expected return value : 13
      your return value     : 11
      expected output : "hello  world"
      your output     : "helloworld"
      expected (nonprintable as hex) : "hello  world"
      actual   (nonprintable as hex) : "helloworld"

Test  44 (s_two_s_prec_width_1fit_b_0trunc) : FAILED.
    First line of code: {return test("%7.7s%3.7s", "hello", "world");}
      expected return value : 13
      your return value     : 11
      expected output : "  helloworld"
      your output     : "helloworld"
      expected (nonprintable as hex) : "  helloworld"
      actual   (nonprintable as hex) : "helloworld"

Test  46 (s_two_s_prec_width_2fit_1trunc_a) : FAILED.
    First line of code: {return test("%7.3s%7.7s", "hello", "world");}
      expected return value : 15
      your return value     : 11
      expected output : "    hel  world"
      your output     : "helloworld"
      expected (nonprintable as hex) : "    hel  world"
      actual   (nonprintable as hex) : "helloworld"

Test  47 (s_two_s_prec_width_1fit_a_1trunc_a) : FAILED.
    First line of code: {return test("%3.3s%7.7s", "hello", "world");}
      expected return value : 11
      your return value     : 11
      expected output : "hel  world"
      your output     : "helloworld"
      expected (nonprintable as hex) : "hel  world"
      actual   (nonprintable as hex) : "helloworld"

Test  48 (s_two_s_prec_width_1fit_b_1trunc_a) : FAILED.
    First line of code: {return test("%7.3s%3.7s", "hello", "world");}
      expected return value : 13
      your return value     : 11
      expected output : "    helworld"
      your output     : "helloworld"
      expected (nonprintable as hex) : "    helworld"
      actual   (nonprintable as hex) : "helloworld"

Test  49 (s_two_s_prec_width_0fit_1trunc_a) : FAILED.
    First line of code: {return test("%3.3s%3.7s", "hello", "world");}
      expected return value : 8
      your return value     : 11
      expected output : "helworld"
      your output     : "helloworld"
      expected (nonprintable as hex) : "helworld"
      actual   (nonprintable as hex) : "helloworld"

Test  50 (s_two_s_prec_width_2fit_1trunc_b) : FAILED.
    First line of code: {return test("%7.7s%7.3s", "hello", "world");}
      expected return value : 15
      your return value     : 11
      expected output : "  hello    wor"
      your output     : "helloworld"
      expected (nonprintable as hex) : "  hello    wor"
      actual   (nonprintable as hex) : "helloworld"

Test  51 (s_two_s_prec_width_1fit_a_1trunc_b) : FAILED.
    First line of code: {return test("%3.7s%7.3s", "hello", "world");}
      expected return value : 13
      your return value     : 11
      expected output : "hello    wor"
      your output     : "helloworld"
      expected (nonprintable as hex) : "hello    wor"
      actual   (nonprintable as hex) : "helloworld"

Test  52 (s_two_s_prec_width_1fit_b_1trunc_b) : FAILED.
    First line of code: {return test("%7.7s%3.3s", "hello", "world");}
      expected return value : 11
      your return value     : 11
      expected output : "  hellowor"
      your output     : "helloworld"
      expected (nonprintable as hex) : "  hellowor"
      actual   (nonprintable as hex) : "helloworld"

Test  53 (s_two_s_prec_width_0fit_1trunc_b) : FAILED.
    First line of code: {return test("%3.7s%3.3s", "hello", "world");}
      expected return value : 8
      your return value     : 11
      expected output : "hellowor"
      your output     : "helloworld"
      expected (nonprintable as hex) : "hellowor"
      actual   (nonprintable as hex) : "helloworld"

Test  54 (s_two_s_prec_width_2fit_2trunc) : FAILED.
    First line of code: {return test("%7.3s%7.3s", "hello", "world");}
      expected return value : 15
      your return value     : 11
      expected output : "    hel    wor"
      your output     : "helloworld"
      expected (nonprintable as hex) : "    hel    wor"
      actual   (nonprintable as hex) : "helloworld"

Test  55 (s_two_s_prec_width_1fit_a_2trunc) : FAILED.
    First line of code: {return test("%3.3s%7.3s", "hello", "world");}
      expected return value : 11
      your return value     : 11
      expected output : "hel    wor"
      your output     : "helloworld"
      expected (nonprintable as hex) : "hel    wor"
      actual   (nonprintable as hex) : "helloworld"

Test  56 (s_two_s_prec_width_1fit_b_2trunc) : FAILED.
    First line of code: {return test("%7.3s%3.3s", "hello", "world");}
      expected return value : 11
      your return value     : 11
      expected output : "    helwor"
      your output     : "helloworld"
      expected (nonprintable as hex) : "    helwor"
      actual   (nonprintable as hex) : "helloworld"

Test  57 (s_two_s_prec_width_0fit_2trunc) : FAILED.
    First line of code: {return test("%3.3s%3.3s", "hello", "world");}
      expected return value : 6
      your return value     : 11
      expected output : "helwor"
      your output     : "helloworld"
      expected (nonprintable as hex) : "helwor"
      actual   (nonprintable as hex) : "helloworld"

Test  59 (s_two_strings_lj_and_rj) : FAILED.
    First line of code: {return test("%-7s%5s", "hello", "world");}
      expected return value : 13
      your return value     : 11
      expected output : "hello  world"
      your output     : "helloworld"
      expected (nonprintable as hex) : "hello  world"
      actual   (nonprintable as hex) : "helloworld"

Test  60 (s_two_strings_rj_and_lj) : FAILED.
    First line of code: {return test("%7s%-5s", "hello", "world");}
      expected return value : 13
      your return value     : 11
      expected output : "  helloworld"
      your output     : "helloworld"
      expected (nonprintable as hex) : "  helloworld"
      actual   (nonprintable as hex) : "helloworld"

Test  61 (s_null_basic_string_expansion) : FAILED.
    First line of code: {return test("hello, %s.", NULL);}
    SEGFAULT

Test  62 (s_null_only_string_expansion) : FAILED.
    First line of code: {return test("%s", NULL);}
    SEGFAULT

Test  63 (s_null_space_padded_field_width) : FAILED.
    First line of code: {return test("%32s", NULL);}
    SEGFAULT

Test  64 (s_null_space_padded_over_field_width) : FAILED.
    First line of code: {return test("%2s", NULL);}
    SEGFAULT

Test  65 (s_null_space_padded_field_width_lj) : FAILED.
    First line of code: {return test("%-32s", NULL);}
    SEGFAULT

Test  66 (s_null_space_padded_field_width2_lj) : FAILED.
    First line of code: {return test("%-16s", NULL);}
    SEGFAULT

Test  67 (s_null_space_padded_over_field_width_lj) : FAILED.
    First line of code: {return test("%-3s", NULL);}
    SEGFAULT

Test  69 (s_null_string_prec_trunc) : FAILED.
    First line of code: {return test("%.3s", "NULL");}
      expected return value : 3
      your return value     : 4
      expected output : "NUL"
      your output     : "NULL"
      expected (nonprintable as hex) : "NUL"
      actual   (nonprintable as hex) : "NULL"

Test  70 (s_null_string_prec_default) : FAILED.
    First line of code: {return test("%.s", "NULL");}
      expected return value : 0
      your return value     : 4
      expected output : ""
      your output     : "NULL"
      expected (nonprintable as hex) : ""
      actual   (nonprintable as hex) : "NULL"

Test  71 (s_null_string_prec_zero) : FAILED.
    First line of code: {return test("%.0s", "NULL");}
      expected return value : 0
      your return value     : 4
      expected output : ""
      your output     : "NULL"
      expected (nonprintable as hex) : ""
      actual   (nonprintable as hex) : "NULL"

Test  74 (s_width_9_s_hidden) : FAILED.
    First line of code: {return test("%9s", s_hidden);}
      expected return value : 9
      your return value     : 6
      expected output : "   hi low"
      your output     : "hi low"
      expected (nonprintable as hex) : "   hi low"
      actual   (nonprintable as hex) : "hi low"

Test  75 (s_prec_no_width_s_hidden) : FAILED.
    First line of code: {return test("%.s", s_hidden);}
      expected return value : 0
      your return value     : 6
      expected output : ""
      your output     : "hi low"
      expected (nonprintable as hex) : ""
      actual   (nonprintable as hex) : "hi low"

Test  77 (s_prec_03_no_width_s_hidden) : FAILED.
    First line of code: {return test("%.03s", s_hidden);}
      expected return value : 3
      your return value     : 6
      expected output : "hi "
      your output     : "hi low"
      expected (nonprintable as hex) : "hi "
      actual   (nonprintable as hex) : "hi low"

Test  79 (s_prec_03_no_width_s_null) : FAILED.
    First line of code: {return test("%.03s", NULL);}
    SEGFAULT

Test  80 (s_prec_09_no_width_s_null) : FAILED.
    First line of code: {return test("%.09s", NULL);}
    SEGFAULT

Test  85 (s_prec_0_width_3_s_hidden) : FAILED.
    First line of code: {return test("%3.s", s_hidden);}
      expected return value : 3
      your return value     : 6
      expected output : "   "
      your output     : "hi low"
      expected (nonprintable as hex) : "   "
      actual   (nonprintable as hex) : "hi low"

Test  86 (s_prec_0_width_10_s_hidden) : FAILED.
    First line of code: {return test("%10.s", s_hidden);}
      expected return value : 11
      your return value     : 6
      expected output : "          "
      your output     : "hi low"
      expected (nonprintable as hex) : "          "
      actual   (nonprintable as hex) : "hi low"

Test  87 (s_prec_0_width_3_s_null) : FAILED.
    First line of code: {return test("%3.s", NULL);}
    SEGFAULT

Test  88 (s_prec_0_width_10_s_null) : FAILED.
    First line of code: {return test("%10.s", NULL);}
    SEGFAULT

Test  89 (s_prec_0_width_1_s_nullchar) : FAILED.
    First line of code: {return test("%1.s", "
      expected return value : 1
      your return value     : 0
      expected output : " "
      your output     : ""
      expected (nonprintable as hex) : " "
      actual   (nonprintable as hex) : ""

Test  90 (s_prec_0_width_2_s_nullchar) : FAILED.
    First line of code: {return test("%2.s", "
      expected return value : 2
      your return value     : 0
      expected output : "  "
      your output     : ""
      expected (nonprintable as hex) : "  "
      actual   (nonprintable as hex) : ""

Test  91 (s_prec_0_width_9_s_nullchar) : FAILED.
    First line of code: {return test("%9.s", "
      expected return value : 9
      your return value     : 0
      expected output : "         "
      your output     : ""
      expected (nonprintable as hex) : "         "
      actual   (nonprintable as hex) : ""

Test  92 (s_prec_0_lj_width_3_s_hidden) : FAILED.
    First line of code: {return test("%-3.s", s_hidden);}
      expected return value : 3
      your return value     : 6
      expected output : "   "
      your output     : "hi low"
      expected (nonprintable as hex) : "   "
      actual   (nonprintable as hex) : "hi low"

Test  93 (s_prec_0_lj_width_8_s_hidden) : FAILED.
    First line of code: {return test("%-8.s", s_hidden);}
      expected return value : 8
      your return value     : 6
      expected output : "        "
      your output     : "hi low"
      expected (nonprintable as hex) : "        "
      actual   (nonprintable as hex) : "hi low"

Test  94 (s_prec_0_lj_width_3_s_null) : FAILED.
    First line of code: {return test("%-3.s", NULL);}
    SEGFAULT

Test  95 (s_prec_0_lj_width_8_s_null) : FAILED.
    First line of code: {return test("%-8.s", NULL);}
    SEGFAULT

Test  96 (s_prec_0_lj_width_1_s_nullchar) : FAILED.
    First line of code: {return test("%-1.s", "
      expected return value : 1
      your return value     : 0
      expected output : " "
      your output     : ""
      expected (nonprintable as hex) : " "
      actual   (nonprintable as hex) : ""

Test  97 (s_prec_0_lj_width_2_s_nullchar) : FAILED.
    First line of code: {return test("%-2.s", "
      expected return value : 2
      your return value     : 0
      expected output : "  "
      your output     : ""
      expected (nonprintable as hex) : "  "
      actual   (nonprintable as hex) : ""

Test  98 (s_prec_0_lj_width_6_s_nullchar) : FAILED.
    First line of code: {return test("%-6.s", "
      expected return value : 6
      your return value     : 0
      expected output : "      "
      your output     : ""
      expected (nonprintable as hex) : "      "
      actual   (nonprintable as hex) : ""

Test  99 (s_prec_1_width_3_s_hidden) : FAILED.
    First line of code: {return test("%3.1s", s_hidden);}
      expected return value : 3
      your return value     : 6
      expected output : "  h"
      your output     : "hi low"
      expected (nonprintable as hex) : "  h"
      actual   (nonprintable as hex) : "hi low"

Test 100 (s_prec_1_width_10_s_hidden) : FAILED.
    First line of code: {return test("%10.1s", s_hidden);}
      expected return value : 11
      your return value     : 6
      expected output : "         h"
      your output     : "hi low"
      expected (nonprintable as hex) : "         h"
      actual   (nonprintable as hex) : "hi low"

Test 101 (s_prec_1_width_3_s_null) : FAILED.
    First line of code: {return test("%3.1s", NULL);}
    SEGFAULT

Test 102 (s_prec_1_width_9_s_null) : FAILED.
    First line of code: {return test("%9.1s", NULL);}
    SEGFAULT

Test 103 (s_prec_1_lj_width_3_s_hidden) : FAILED.
    First line of code: {return test("%-3.1s", s_hidden);}
      expected return value : 3
      your return value     : 6
      expected output : "h  "
      your output     : "hi low"
      expected (nonprintable as hex) : "h  "
      actual   (nonprintable as hex) : "hi low"

Test 104 (s_prec_1_lj_width_10_s_hidden) : FAILED.
    First line of code: {return test("%-10.1s", s_hidden);}
      expected return value : 11
      your return value     : 6
      expected output : "h         "
      your output     : "hi low"
      expected (nonprintable as hex) : "h         "
      actual   (nonprintable as hex) : "hi low"

Test 105 (s_prec_1_lj_width_3_s_null) : FAILED.
    First line of code: {return test("%-3.1s", NULL);}
    SEGFAULT

Test 106 (s_prec_1_lj_width_9_s_null) : FAILED.
    First line of code: {return test("%-9.1s", NULL);}
    SEGFAULT

Test 107 (s_prec_1_lj_width_3_s_nullchar) : FAILED.
    First line of code: {return test("%-3.1s", "
      expected return value : 3
      your return value     : 0
      expected output : "   "
      your output     : ""
      expected (nonprintable as hex) : "   "
      actual   (nonprintable as hex) : ""

Test 108 (s_prec_1_lj_width_6_s_nullchar) : FAILED.
    First line of code: {return test("%-6.1s", "
      expected return value : 6
      your return value     : 0
      expected output : "      "
      your output     : ""
      expected (nonprintable as hex) : "      "
      actual   (nonprintable as hex) : ""

Test 110 (s_prec_perfect_width_20_s_hidden) : FAILED.
    First line of code: {return test("%20.6s", s_hidden);}
      expected return value : 22
      your return value     : 6
      expected output : "              hi low"
      your output     : "hi low"
      expected (nonprintable as hex) : "              hi low"
      actual   (nonprintable as hex) : "hi low"

Test 111 (s_prec_perfect_width_3_s_null) : FAILED.
    First line of code: {return test("%3.6s", NULL);}
    SEGFAULT

Test 112 (s_prec_perfect_width_20_s_null) : FAILED.
    First line of code: {return test("%20.6s", NULL);}
    SEGFAULT

Test 113 (s_prec_perfect_width_3_s_nullchar) : FAILED.
    First line of code: {return test("%3.6s", "
      expected return value : 3
      your return value     : 0
      expected output : "   "
      your output     : ""
      expected (nonprintable as hex) : "   "
      actual   (nonprintable as hex) : ""

Test 114 (s_prec_perfect_width_6_s_nullchar) : FAILED.
    First line of code: {return test("%6.6s", "
      expected return value : 6
      your return value     : 0
      expected output : "      "
      your output     : ""
      expected (nonprintable as hex) : "      "
      actual   (nonprintable as hex) : ""

Test 116 (s_prec_perfect_lj_width_20_s_hidden) : FAILED.
    First line of code: {return test("%-20.6s", s_hidden);}
      expected return value : 22
      your return value     : 6
      expected output : "hi low              "
      your output     : "hi low"
      expected (nonprintable as hex) : "hi low              "
      actual   (nonprintable as hex) : "hi low"

Test 118 (s_prec_8_lj_width_10_s_hidden) : FAILED.
    First line of code: {return test("%-10.8s", s_hidden);}
      expected return value : 11
      your return value     : 6
      expected output : "hi low    "
      your output     : "hi low"
      expected (nonprintable as hex) : "hi low    "
      actual   (nonprintable as hex) : "hi low"

Test 119 (s_prec_8_lj_width_3_s_null) : FAILED.
    First line of code: {return test("%-3.8s", NULL);}
    SEGFAULT

Test 120 (s_prec_8_lj_width_10_s_null) : FAILED.
    First line of code: {return test("%-10.8s", NULL);}
    SEGFAULT

Test 121 (s_prec_00_lj_s_hidden_trunc) : FAILED.
    First line of code: {return test("%-.00s", s_hidden);}
      expected return value : 0
      your return value     : 6
      expected output : ""
      your output     : "hi low"
      expected (nonprintable as hex) : ""
      actual   (nonprintable as hex) : "hi low"

Test 130 (s_undefbehav_0_width_9) : FAILED.
    First line of code: {return test("%09s", s_hidden);}
      expected return value : 9
      your return value     : 6
      expected output : "000hi low"
      your output     : "hi low"
      expected (nonprintable as hex) : "000hi low"
      actual   (nonprintable as hex) : "hi low"

Test 132 (s_undefbehav_lj_0_width_9) : FAILED.
    First line of code: {return test("%-09s", s_hidden);}
      expected return value : 9
      your return value     : 6
      expected output : "hi low   "
      your output     : "hi low"
      expected (nonprintable as hex) : "hi low   "
      actual   (nonprintable as hex) : "hi low"

Test 145 (i_width_neg_fits) : FAILED.
    First line of code: {return test("%7i", -14);}
      expected return value : 7
      your return value     : 3
      expected output : "    -14"
      your output     : "-14"
      expected (nonprintable as hex) : "    -14"
      actual   (nonprintable as hex) : "-14"

Test 151 (i_width_pos_fits_lj) : FAILED.
    First line of code: {return test("%-7i", 33);}
      expected return value : 7
      your return value     : 7
      expected output : "33     "
      your output     : "     33"
      expected (nonprintable as hex) : "33     "
      actual   (nonprintable as hex) : "     33"

Test 152 (i_width_neg_fits_lj) : FAILED.
    First line of code: {return test("%-7i", -14);}
      expected return value : 7
      your return value     : 3
      expected output : "-14    "
      your output     : "-14"
      expected (nonprintable as hex) : "-14    "
      actual   (nonprintable as hex) : "-14"

Test 153 (i_width_zero_fits_lj) : FAILED.
    First line of code: {return test("%-3i", 0);}
      expected return value : 3
      your return value     : 3
      expected output : "0  "
      your output     : "  0"
      expected (nonprintable as hex) : "0  "
      actual   (nonprintable as hex) : "  0"

Test 165 (i_zp_pos_fits) : FAILED.
    First line of code: {return test("%05i", 43);}
      expected return value : 5
      your return value     : 5
      expected output : "00043"
      your output     : "   43"
      expected (nonprintable as hex) : "00043"
      actual   (nonprintable as hex) : "   43"

Test 166 (i_zp_neg_fits) : FAILED.
    First line of code: {return test("%07i", -54);}
      expected return value : 7
      your return value     : 3
      expected output : "-000054"
      your output     : "-54"
      expected (nonprintable as hex) : "-000054"
      actual   (nonprintable as hex) : "-54"

Test 167 (i_zp_zero_fits) : FAILED.
    First line of code: {return test("%03i", 0);}
      expected return value : 3
      your return value     : 3
      expected output : "000"
      your output     : "  0"
      expected (nonprintable as hex) : "000"
      actual   (nonprintable as hex) : "  0"

Test 172 (i_prec_width_fit_fit_neg) : FAILED.
    First line of code: {return test("%10.5i", -216);}
      expected return value : 11
      your return value     : 6
      expected output : "    -00216"
      your output     : "-00216"
      expected (nonprintable as hex) : "    -00216"
      actual   (nonprintable as hex) : "-00216"

Test 175 (i_prec_width_nofit_fit_neg) : FAILED.
    First line of code: {return test("%8.3i", -8473);}
      expected return value : 8
      your return value     : 5
      expected output : "   -8473"
      your output     : "-8473"
      expected (nonprintable as hex) : "   -8473"
      actual   (nonprintable as hex) : "-8473"

Test 180 (i_prec_width_fit_fit_pos_lj) : FAILED.
    First line of code: {return test("%-8.5i", 34);}
      expected return value : 8
      your return value     : 8
      expected output : "00034   "
      your output     : "   00034"
      expected (nonprintable as hex) : "00034   "
      actual   (nonprintable as hex) : "   00034"

Test 181 (i_prec_width_fit_fit_neg_lj) : FAILED.
    First line of code: {return test("%-10.5i", -216);}
      expected return value : 11
      your return value     : 6
      expected output : "-00216    "
      your output     : "-00216"
      expected (nonprintable as hex) : "-00216    "
      actual   (nonprintable as hex) : "-00216"

Test 182 (i_prec_width_fit_fit_zero_lj) : FAILED.
    First line of code: {return test("%-8.5i", 0);}
      expected return value : 8
      your return value     : 8
      expected output : "00000   "
      your output     : "   00000"
      expected (nonprintable as hex) : "00000   "
      actual   (nonprintable as hex) : "   00000"

Test 183 (i_prec_width_nofit_fit_pos_lj) : FAILED.
    First line of code: {return test("%-8.3i", 8375);}
      expected return value : 8
      your return value     : 8
      expected output : "8375    "
      your output     : "    8375"
      expected (nonprintable as hex) : "8375    "
      actual   (nonprintable as hex) : "    8375"

Test 184 (i_prec_width_nofit_fit_neg_lj) : FAILED.
    First line of code: {return test("%-8.3i", -8473);}
      expected return value : 8
      your return value     : 5
      expected output : "-8473   "
      your output     : "-8473"
      expected (nonprintable as hex) : "-8473   "
      actual   (nonprintable as hex) : "-8473"

Test 190 (i_prec_width_ff_neg_zp) : FAILED.
    First line of code: {return test("%010.5i", -216);}
      expected return value : 11
      your return value     : 6
      expected output : "    -00216"
      your output     : "-00216"
      expected (nonprintable as hex) : "    -00216"
      actual   (nonprintable as hex) : "-00216"

Test 193 (i_prec_width_nf_neg_zp) : FAILED.
    First line of code: {return test("%08.3i", -8473);}
      expected return value : 8
      your return value     : 5
      expected output : "   -8473"
      your output     : "-8473"
      expected (nonprintable as hex) : "   -8473"
      actual   (nonprintable as hex) : "-8473"

Test 198 (i_prec_width_ff_pos_lj_zp_ignoreflag) : FAILED.
    First line of code: {return test("%0-8.5i", 34);}
      expected return value : 8
      your return value     : 8
      expected output : "00034   "
      your output     : "   00034"
      expected (nonprintable as hex) : "00034   "
      actual   (nonprintable as hex) : "   00034"

Test 199 (i_prec_width_ff_neg_ljzp_ignoreflag) : FAILED.
    First line of code: {return test("%0-10.5i", -216);}
      expected return value : 11
      your return value     : 6
      expected output : "-00216    "
      your output     : "-00216"
      expected (nonprintable as hex) : "-00216    "
      actual   (nonprintable as hex) : "-00216"

Test 200 (i_prec_width_ff_zero_ljzp_ignoreflag) : FAILED.
    First line of code: {return test("%0-8.5i", 0);}
      expected return value : 8
      your return value     : 8
      expected output : "00000   "
      your output     : "   00000"
      expected (nonprintable as hex) : "00000   "
      actual   (nonprintable as hex) : "   00000"

Test 201 (i_prec_width_nf_pos_ljzp_ignoreflag) : FAILED.
    First line of code: {return test("%0-8.3i", 8375);}
      expected return value : 8
      your return value     : 8
      expected output : "8375    "
      your output     : "    8375"
      expected (nonprintable as hex) : "8375    "
      actual   (nonprintable as hex) : "    8375"

Test 202 (i_prec_width_nf_neg_ljzp_ignoreflag) : FAILED.
    First line of code: {return test("%0-8.3i", -8473);}
      expected return value : 8
      your return value     : 5
      expected output : "-8473   "
      your output     : "-8473"
      expected (nonprintable as hex) : "-8473   "
      actual   (nonprintable as hex) : "-8473"

Test 208 (i_prec0val0_basic) : FAILED.
    First line of code: {return test("%.0i", 0);}
      expected return value : 0
      your return value     : 1
      expected output : ""
      your output     : "0"
      expected (nonprintable as hex) : ""
      actual   (nonprintable as hex) : "0"

Test 209 (i_prec0val0_implicit) : FAILED.
    First line of code: {return test("%.i", 0);}
      expected return value : 0
      your return value     : 1
      expected output : ""
      your output     : "0"
      expected (nonprintable as hex) : ""
      actual   (nonprintable as hex) : "0"

Test 210 (i_prec0val0_w) : FAILED.
    First line of code: {return test("%5.0i", 0);}
      expected return value : 5
      your return value     : 5
      expected output : "     "
      your output     : "    0"
      expected (nonprintable as hex) : "     "
      actual   (nonprintable as hex) : "    0"

Test 211 (i_prec0val0_w_impl) : FAILED.
    First line of code: {return test("%5.i", 0);}
      expected return value : 5
      your return value     : 5
      expected output : "     "
      your output     : "    0"
      expected (nonprintable as hex) : "     "
      actual   (nonprintable as hex) : "    0"

Test 212 (i_prec0val0_wlj) : FAILED.
    First line of code: {return test("%-5.0i", 0);}
      expected return value : 5
      your return value     : 5
      expected output : "     "
      your output     : "    0"
      expected (nonprintable as hex) : "     "
      actual   (nonprintable as hex) : "    0"

Test 213 (i_prec0val0_wlj_impl) : FAILED.
    First line of code: {return test("%-5.i", 0);}
      expected return value : 5
      your return value     : 5
      expected output : "     "
      your output     : "    0"
      expected (nonprintable as hex) : "     "
      actual   (nonprintable as hex) : "    0"

Test 223 (d_width_neg_fits) : FAILED.
    First line of code: {return test("%7d", -14);}
      expected return value : 7
      your return value     : 3
      expected output : "    -14"
      your output     : "-14"
      expected (nonprintable as hex) : "    -14"
      actual   (nonprintable as hex) : "-14"

Test 229 (d_width_pos_fits_lj) : FAILED.
    First line of code: {return test("%-7d", 33);}
      expected return value : 7
      your return value     : 7
      expected output : "33     "
      your output     : "     33"
      expected (nonprintable as hex) : "33     "
      actual   (nonprintable as hex) : "     33"

Test 230 (d_width_neg_fits_lj) : FAILED.
    First line of code: {return test("%-7d", -14);}
      expected return value : 7
      your return value     : 3
      expected output : "-14    "
      your output     : "-14"
      expected (nonprintable as hex) : "-14    "
      actual   (nonprintable as hex) : "-14"

Test 231 (d_width_zero_fits_lj) : FAILED.
    First line of code: {return test("%-3d", 0);}
      expected return value : 3
      your return value     : 3
      expected output : "0  "
      your output     : "  0"
      expected (nonprintable as hex) : "0  "
      actual   (nonprintable as hex) : "  0"

Test 243 (d_zp_pos_fits) : FAILED.
    First line of code: {return test("%05d", 43);}
      expected return value : 5
      your return value     : 5
      expected output : "00043"
      your output     : "   43"
      expected (nonprintable as hex) : "00043"
      actual   (nonprintable as hex) : "   43"

Test 244 (d_zp_neg_fits) : FAILED.
    First line of code: {return test("%07d", -54);}
      expected return value : 7
      your return value     : 3
      expected output : "-000054"
      your output     : "-54"
      expected (nonprintable as hex) : "-000054"
      actual   (nonprintable as hex) : "-54"

Test 245 (d_zp_zero_fits) : FAILED.
    First line of code: {return test("%03d", 0);}
      expected return value : 3
      your return value     : 3
      expected output : "000"
      your output     : "  0"
      expected (nonprintable as hex) : "000"
      actual   (nonprintable as hex) : "  0"

Test 250 (d_prec_width_fit_fit_neg) : FAILED.
    First line of code: {return test("%10.5d", -216);}
      expected return value : 11
      your return value     : 6
      expected output : "    -00216"
      your output     : "-00216"
      expected (nonprintable as hex) : "    -00216"
      actual   (nonprintable as hex) : "-00216"

Test 253 (d_prec_width_nofit_fit_neg) : FAILED.
    First line of code: {return test("%8.3d", -8473);}
      expected return value : 8
      your return value     : 5
      expected output : "   -8473"
      your output     : "-8473"
      expected (nonprintable as hex) : "   -8473"
      actual   (nonprintable as hex) : "-8473"

Test 258 (d_prec_width_fit_fit_pos_lj) : FAILED.
    First line of code: {return test("%-8.5d", 34);}
      expected return value : 8
      your return value     : 8
      expected output : "00034   "
      your output     : "   00034"
      expected (nonprintable as hex) : "00034   "
      actual   (nonprintable as hex) : "   00034"

Test 259 (d_prec_width_fit_fit_neg_lj) : FAILED.
    First line of code: {return test("%-10.5d", -216);}
      expected return value : 11
      your return value     : 6
      expected output : "-00216    "
      your output     : "-00216"
      expected (nonprintable as hex) : "-00216    "
      actual   (nonprintable as hex) : "-00216"

Test 260 (d_prec_width_fit_fit_zero_lj) : FAILED.
    First line of code: {return test("%-8.5d", 0);}
      expected return value : 8
      your return value     : 8
      expected output : "00000   "
      your output     : "   00000"
      expected (nonprintable as hex) : "00000   "
      actual   (nonprintable as hex) : "   00000"

Test 261 (d_prec_width_nofit_fit_pos_lj) : FAILED.
    First line of code: {return test("%-8.3d", 8375);}
      expected return value : 8
      your return value     : 8
      expected output : "8375    "
      your output     : "    8375"
      expected (nonprintable as hex) : "8375    "
      actual   (nonprintable as hex) : "    8375"

Test 262 (d_prec_width_nofit_fit_neg_lj) : FAILED.
    First line of code: {return test("%-8.3d", -8473);}
      expected return value : 8
      your return value     : 5
      expected output : "-8473   "
      your output     : "-8473"
      expected (nonprintable as hex) : "-8473   "
      actual   (nonprintable as hex) : "-8473"

Test 268 (d_prec_width_ff_neg_zp) : FAILED.
    First line of code: {return test("%010.5d", -216);}
      expected return value : 11
      your return value     : 6
      expected output : "    -00216"
      your output     : "-00216"
      expected (nonprintable as hex) : "    -00216"
      actual   (nonprintable as hex) : "-00216"

Test 271 (d_prec_width_nf_neg_zp) : FAILED.
    First line of code: {return test("%08.3d", -8473);}
      expected return value : 8
      your return value     : 5
      expected output : "   -8473"
      your output     : "-8473"
      expected (nonprintable as hex) : "   -8473"
      actual   (nonprintable as hex) : "-8473"

Test 276 (d_prec_width_ff_pos_lj_zp_ignoreflag) : FAILED.
    First line of code: {return test("%0-8.5d", 34);}
      expected return value : 8
      your return value     : 8
      expected output : "00034   "
      your output     : "   00034"
      expected (nonprintable as hex) : "00034   "
      actual   (nonprintable as hex) : "   00034"

Test 277 (d_prec_width_ff_neg_ljzp_ignoreflag) : FAILED.
    First line of code: {return test("%0-10.5d", -216);}
      expected return value : 11
      your return value     : 6
      expected output : "-00216    "
      your output     : "-00216"
      expected (nonprintable as hex) : "-00216    "
      actual   (nonprintable as hex) : "-00216"

Test 278 (d_prec_width_ff_zero_ljzp_ignoreflag) : FAILED.
    First line of code: {return test("%0-8.5d", 0);}
      expected return value : 8
      your return value     : 8
      expected output : "00000   "
      your output     : "   00000"
      expected (nonprintable as hex) : "00000   "
      actual   (nonprintable as hex) : "   00000"

Test 279 (d_prec_width_nf_pos_ljzp_ignoreflag) : FAILED.
    First line of code: {return test("%0-8.3d", 8375);}
      expected return value : 8
      your return value     : 8
      expected output : "8375    "
      your output     : "    8375"
      expected (nonprintable as hex) : "8375    "
      actual   (nonprintable as hex) : "    8375"

Test 280 (d_prec_width_nf_neg_ljzp_ignoreflag) : FAILED.
    First line of code: {return test("%0-8.3d", -8473);}
      expected return value : 8
      your return value     : 5
      expected output : "-8473   "
      your output     : "-8473"
      expected (nonprintable as hex) : "-8473   "
      actual   (nonprintable as hex) : "-8473"

Test 285 (d_prec0val0_basic) : FAILED.
    First line of code: {return test("%.0d", 0);}
      expected return value : 0
      your return value     : 1
      expected output : ""
      your output     : "0"
      expected (nonprintable as hex) : ""
      actual   (nonprintable as hex) : "0"

Test 286 (d_prec0val0_implicit) : FAILED.
    First line of code: {return test("%.d", 0);}
      expected return value : 0
      your return value     : 1
      expected output : ""
      your output     : "0"
      expected (nonprintable as hex) : ""
      actual   (nonprintable as hex) : "0"

Test 287 (d_prec0val0_w) : FAILED.
    First line of code: {return test("%5.0d", 0);}
      expected return value : 5
      your return value     : 5
      expected output : "     "
      your output     : "    0"
      expected (nonprintable as hex) : "     "
      actual   (nonprintable as hex) : "    0"

Test 288 (d_prec0val0_w_impl) : FAILED.
    First line of code: {return test("%5.d", 0);}
      expected return value : 5
      your return value     : 5
      expected output : "     "
      your output     : "    0"
      expected (nonprintable as hex) : "     "
      actual   (nonprintable as hex) : "    0"

Test 289 (d_prec0val0_wlj) : FAILED.
    First line of code: {return test("%-5.0d", 0);}
      expected return value : 5
      your return value     : 5
      expected output : "     "
      your output     : "    0"
      expected (nonprintable as hex) : "     "
      actual   (nonprintable as hex) : "    0"

Test 290 (d_prec0val0_wlj_impl) : FAILED.
    First line of code: {return test("%-5.d", 0);}
      expected return value : 5
      your return value     : 5
      expected output : "     "
      your output     : "    0"
      expected (nonprintable as hex) : "     "
      actual   (nonprintable as hex) : "    0"

Test 299 (u_width_pos_fits_lj) : FAILED.
    First line of code: {return test("%-7u", 33);}
      expected return value : 7
      your return value     : 7
      expected output : "33     "
      your output     : "     33"
      expected (nonprintable as hex) : "33     "
      actual   (nonprintable as hex) : "     33"

Test 300 (u_width_zero_fits_lj) : FAILED.
    First line of code: {return test("%-3u", 0);}
      expected return value : 3
      your return value     : 3
      expected output : "0  "
      your output     : "  0"
      expected (nonprintable as hex) : "0  "
      actual   (nonprintable as hex) : "  0"

Test 307 (u_zp_pos_fits) : FAILED.
    First line of code: {return test("%05u", 43);}
      expected return value : 5
      your return value     : 5
      expected output : "00043"
      your output     : "   43"
      expected (nonprintable as hex) : "00043"
      actual   (nonprintable as hex) : "   43"

Test 308 (u_zp_zero_fits) : FAILED.
    First line of code: {return test("%03u", 0);}
      expected return value : 3
      your return value     : 3
      expected output : "000"
      your output     : "  0"
      expected (nonprintable as hex) : "000"
      actual   (nonprintable as hex) : "  0"

Test 315 (u_prec_width_fit_fit_pos_lj) : FAILED.
    First line of code: {return test("%-8.5u", 34);}
      expected return value : 8
      your return value     : 8
      expected output : "00034   "
      your output     : "   00034"
      expected (nonprintable as hex) : "00034   "
      actual   (nonprintable as hex) : "   00034"

Test 316 (u_prec_width_fit_fit_zero_lj) : FAILED.
    First line of code: {return test("%-8.5u", 0);}
      expected return value : 8
      your return value     : 8
      expected output : "00000   "
      your output     : "   00000"
      expected (nonprintable as hex) : "00000   "
      actual   (nonprintable as hex) : "   00000"

Test 317 (u_prec_width_nofit_fit_pos_lj) : FAILED.
    First line of code: {return test("%-8.3u", 8375);}
      expected return value : 8
      your return value     : 8
      expected output : "8375    "
      your output     : "    8375"
      expected (nonprintable as hex) : "8375    "
      actual   (nonprintable as hex) : "    8375"

Test 325 (u_prec_width_ff_pos_ljzp_ignoreflag) : FAILED.
    First line of code: {return test("%0-8.5u", 34);}
      expected return value : 8
      your return value     : 8
      expected output : "00034   "
      your output     : "   00034"
      expected (nonprintable as hex) : "00034   "
      actual   (nonprintable as hex) : "   00034"

Test 326 (u_prec_width_ff_zero_ljzp_ignoreflag) : FAILED.
    First line of code: {return test("%0-8.5u", 0);}
      expected return value : 8
      your return value     : 8
      expected output : "00000   "
      your output     : "   00000"
      expected (nonprintable as hex) : "00000   "
      actual   (nonprintable as hex) : "   00000"

Test 327 (u_prec_width_nf_pos_ljzp_ignoreflag) : FAILED.
    First line of code: {return test("%0-8.3u", 8375);}
      expected return value : 8
      your return value     : 8
      expected output : "8375    "
      your output     : "    8375"
      expected (nonprintable as hex) : "8375    "
      actual   (nonprintable as hex) : "    8375"

Test 330 (u_prec0val0_basic) : FAILED.
    First line of code: {return test("%.0u", 0);}
      expected return value : 0
      your return value     : 1
      expected output : ""
      your output     : "0"
      expected (nonprintable as hex) : ""
      actual   (nonprintable as hex) : "0"

Test 331 (u_prec0val0_implicit) : FAILED.
    First line of code: {return test("%.u", 0);}
      expected return value : 0
      your return value     : 1
      expected output : ""
      your output     : "0"
      expected (nonprintable as hex) : ""
      actual   (nonprintable as hex) : "0"

Test 332 (u_prec0val0_w) : FAILED.
    First line of code: {return test("%5.0u", 0);}
      expected return value : 5
      your return value     : 5
      expected output : "     "
      your output     : "    0"
      expected (nonprintable as hex) : "     "
      actual   (nonprintable as hex) : "    0"

Test 333 (u_prec0val0_w_impl) : FAILED.
    First line of code: {return test("%5.u", 0);}
      expected return value : 5
      your return value     : 5
      expected output : "     "
      your output     : "    0"
      expected (nonprintable as hex) : "     "
      actual   (nonprintable as hex) : "    0"

Test 334 (u_prec0val0_wlj) : FAILED.
    First line of code: {return test("%-5.0u", 0);}
      expected return value : 5
      your return value     : 5
      expected output : "     "
      your output     : "    0"
      expected (nonprintable as hex) : "     "
      actual   (nonprintable as hex) : "    0"

Test 335 (u_prec0val0_wlj_impl) : FAILED.
    First line of code: {return test("%-5.u", 0);}
      expected return value : 5
      your return value     : 5
      expected output : "     "
      your output     : "    0"
      expected (nonprintable as hex) : "     "
      actual   (nonprintable as hex) : "    0"

Test 344 (x_width_pos_fits_lj) : FAILED.
    First line of code: {return test("%-7x", 33);}
      expected return value : 7
      your return value     : 7
      expected output : "21     "
      your output     : "     21"
      expected (nonprintable as hex) : "21     "
      actual   (nonprintable as hex) : "     21"

Test 345 (x_width_zero_fits_lj) : FAILED.
    First line of code: {return test("%-3x", 0);}
      expected return value : 3
      your return value     : 3
      expected output : "0  "
      your output     : "  0"
      expected (nonprintable as hex) : "0  "
      actual   (nonprintable as hex) : "  0"

Test 346 (x_width_pos_exactfit_lj) : FAILED.
    First line of code: {return test("%-5x", 52625);}
      expected return value : 5
      your return value     : 5
      expected output : "cd91 "
      your output     : " cd91"
      expected (nonprintable as hex) : "cd91 "
      actual   (nonprintable as hex) : " cd91"

Test 352 (x_zp_pos_fits) : FAILED.
    First line of code: {return test("%05x", 43);}
      expected return value : 5
      your return value     : 5
      expected output : "0002b"
      your output     : "   2b"
      expected (nonprintable as hex) : "0002b"
      actual   (nonprintable as hex) : "   2b"

Test 353 (x_zp_zero_fits) : FAILED.
    First line of code: {return test("%03x", 0);}
      expected return value : 3
      your return value     : 3
      expected output : "000"
      your output     : "  0"
      expected (nonprintable as hex) : "000"
      actual   (nonprintable as hex) : "  0"

Test 360 (x_prec_width_fit_fit_pos_lj) : FAILED.
    First line of code: {return test("%-8.5x", 34);}
      expected return value : 8
      your return value     : 8
      expected output : "00022   "
      your output     : "   00022"
      expected (nonprintable as hex) : "00022   "
      actual   (nonprintable as hex) : "   00022"

Test 361 (x_prec_width_fit_fit_zero_lj) : FAILED.
    First line of code: {return test("%-8.5x", 0);}
      expected return value : 8
      your return value     : 8
      expected output : "00000   "
      your output     : "   00000"
      expected (nonprintable as hex) : "00000   "
      actual   (nonprintable as hex) : "   00000"

Test 362 (x_prec_width_nofit_fit_pos_lj) : FAILED.
    First line of code: {return test("%-8.3x", 8375);}
      expected return value : 8
      your return value     : 8
      expected output : "20b7    "
      your output     : "    20b7"
      expected (nonprintable as hex) : "20b7    "
      actual   (nonprintable as hex) : "    20b7"

Test 370 (x_prec_width_ff_pos_ljzp_ignoreflag) : FAILED.
    First line of code: {return test("%0-8.5x", 34);}
      expected return value : 8
      your return value     : 8
      expected output : "00022   "
      your output     : "   00022"
      expected (nonprintable as hex) : "00022   "
      actual   (nonprintable as hex) : "   00022"

Test 371 (x_prec_width_ff_zero_ljzp_ignoreflag) : FAILED.
    First line of code: {return test("%0-8.5x", 0);}
      expected return value : 8
      your return value     : 8
      expected output : "00000   "
      your output     : "   00000"
      expected (nonprintable as hex) : "00000   "
      actual   (nonprintable as hex) : "   00000"

Test 372 (x_prec_width_nf_pos_ljzp_ignoreflag) : FAILED.
    First line of code: {return test("%0-8.3x", 8375);}
      expected return value : 8
      your return value     : 8
      expected output : "20b7    "
      your output     : "    20b7"
      expected (nonprintable as hex) : "20b7    "
      actual   (nonprintable as hex) : "    20b7"

Test 375 (x_prec0val0_basic) : FAILED.
    First line of code: {return test("%.0x", 0);}
      expected return value : 0
      your return value     : 1
      expected output : ""
      your output     : "0"
      expected (nonprintable as hex) : ""
      actual   (nonprintable as hex) : "0"

Test 376 (x_prec0val0_implicit) : FAILED.
    First line of code: {return test("%.x", 0);}
      expected return value : 0
      your return value     : 1
      expected output : ""
      your output     : "0"
      expected (nonprintable as hex) : ""
      actual   (nonprintable as hex) : "0"

Test 377 (x_prec0val0_w) : FAILED.
    First line of code: {return test("%5.0x", 0);}
      expected return value : 5
      your return value     : 5
      expected output : "     "
      your output     : "    0"
      expected (nonprintable as hex) : "     "
      actual   (nonprintable as hex) : "    0"

Test 378 (x_prec0val0_w_impl) : FAILED.
    First line of code: {return test("%5.x", 0);}
      expected return value : 5
      your return value     : 5
      expected output : "     "
      your output     : "    0"
      expected (nonprintable as hex) : "     "
      actual   (nonprintable as hex) : "    0"

Test 379 (x_prec0val0_wlj) : FAILED.
    First line of code: {return test("%-5.0x", 0);}
      expected return value : 5
      your return value     : 5
      expected output : "     "
      your output     : "    0"
      expected (nonprintable as hex) : "     "
      actual   (nonprintable as hex) : "    0"

Test 380 (x_prec0val0_wlj_impl) : FAILED.
    First line of code: {return test("%-5.x", 0);}
      expected return value : 5
      your return value     : 5
      expected output : "     "
      your output     : "    0"
      expected (nonprintable as hex) : "     "
      actual   (nonprintable as hex) : "    0"

Test 389 (X_width_pos_fits_lj) : FAILED.
    First line of code: {return test("%-7X", 33);}
      expected return value : 7
      your return value     : 7
      expected output : "21     "
      your output     : "     21"
      expected (nonprintable as hex) : "21     "
      actual   (nonprintable as hex) : "     21"

Test 390 (X_width_zero_fits_lj) : FAILED.
    First line of code: {return test("%-3X", 0);}
      expected return value : 3
      your return value     : 3
      expected output : "0  "
      your output     : "  0"
      expected (nonprintable as hex) : "0  "
      actual   (nonprintable as hex) : "  0"

Test 391 (X_width_pos_exactfit_lj) : FAILED.
    First line of code: {return test("%-5X", 52625);}
      expected return value : 5
      your return value     : 5
      expected output : "CD91 "
      your output     : " CD91"
      expected (nonprintable as hex) : "CD91 "
      actual   (nonprintable as hex) : " CD91"

Test 397 (X_zp_pos_fits) : FAILED.
    First line of code: {return test("%05X", 43);}
      expected return value : 5
      your return value     : 5
      expected output : "0002B"
      your output     : "   2B"
      expected (nonprintable as hex) : "0002B"
      actual   (nonprintable as hex) : "   2B"

Test 398 (X_zp_zero_fits) : FAILED.
    First line of code: {return test("%03X", 0);}
      expected return value : 3
      your return value     : 3
      expected output : "000"
      your output     : "  0"
      expected (nonprintable as hex) : "000"
      actual   (nonprintable as hex) : "  0"

Test 405 (X_prec_width_fit_fit_pos_lj) : FAILED.
    First line of code: {return test("%-8.5X", 34);}
      expected return value : 8
      your return value     : 8
      expected output : "00022   "
      your output     : "   00022"
      expected (nonprintable as hex) : "00022   "
      actual   (nonprintable as hex) : "   00022"

Test 406 (X_prec_width_fit_fit_zero_lj) : FAILED.
    First line of code: {return test("%-8.5X", 0);}
      expected return value : 8
      your return value     : 8
      expected output : "00000   "
      your output     : "   00000"
      expected (nonprintable as hex) : "00000   "
      actual   (nonprintable as hex) : "   00000"

Test 407 (X_prec_width_nofit_fit_pos_lj) : FAILED.
    First line of code: {return test("%-8.3X", 8375);}
      expected return value : 8
      your return value     : 8
      expected output : "20B7    "
      your output     : "    20B7"
      expected (nonprintable as hex) : "20B7    "
      actual   (nonprintable as hex) : "    20B7"

Test 415 (X_prec_width_ff_pos_ljzp_ignoreflag) : FAILED.
    First line of code: {return test("%0-8.5X", 34);}
      expected return value : 8
      your return value     : 8
      expected output : "00022   "
      your output     : "   00022"
      expected (nonprintable as hex) : "00022   "
      actual   (nonprintable as hex) : "   00022"

Test 416 (X_prec_width_ff_zero_ljzp_ignoreflag) : FAILED.
    First line of code: {return test("%0-8.5X", 0);}
      expected return value : 8
      your return value     : 8
      expected output : "00000   "
      your output     : "   00000"
      expected (nonprintable as hex) : "00000   "
      actual   (nonprintable as hex) : "   00000"

Test 417 (X_prec_width_nf_pos_ljzp_ignoreflag) : FAILED.
    First line of code: {return test("%0-8.3X", 8375);}
      expected return value : 8
      your return value     : 8
      expected output : "20B7    "
      your output     : "    20B7"
      expected (nonprintable as hex) : "20B7    "
      actual   (nonprintable as hex) : "    20B7"

Test 420 (X_prec0val0_basic) : FAILED.
    First line of code: {return test("%.0X", 0);}
      expected return value : 0
      your return value     : 1
      expected output : ""
      your output     : "0"
      expected (nonprintable as hex) : ""
      actual   (nonprintable as hex) : "0"

Test 421 (X_prec0val0_implicit) : FAILED.
    First line of code: {return test("%.X", 0);}
      expected return value : 0
      your return value     : 1
      expected output : ""
      your output     : "0"
      expected (nonprintable as hex) : ""
      actual   (nonprintable as hex) : "0"

Test 422 (X_prec0val0_w) : FAILED.
    First line of code: {return test("%5.0X", 0);}
      expected return value : 5
      your return value     : 5
      expected output : "     "
      your output     : "    0"
      expected (nonprintable as hex) : "     "
      actual   (nonprintable as hex) : "    0"

Test 423 (X_prec0val0_w_impl) : FAILED.
    First line of code: {return test("%5.X", 0);}
      expected return value : 5
      your return value     : 5
      expected output : "     "
      your output     : "    0"
      expected (nonprintable as hex) : "     "
      actual   (nonprintable as hex) : "    0"

Test 424 (X_prec0val0_wlj) : FAILED.
    First line of code: {return test("%-5.0X", 0);}
      expected return value : 5
      your return value     : 5
      expected output : "     "
      your output     : "    0"
      expected (nonprintable as hex) : "     "
      actual   (nonprintable as hex) : "    0"

Test 425 (X_prec0val0_wlj_impl) : FAILED.
    First line of code: {return test("%-5.X", 0);}
      expected return value : 5
      your return value     : 5
      expected output : "     "
      your output     : "    0"
      expected (nonprintable as hex) : "     "
      actual   (nonprintable as hex) : "    0"

Test 427 (p_null_width_fit) : FAILED.
    First line of code: {return test("%5p", NULL);}
      expected return value : 5
      your return value     : 7
      expected output : "  0x0"
      your output     : "0x    0"
      expected (nonprintable as hex) : "  0x0"
      actual   (nonprintable as hex) : "0x    0"

Test 428 (p_null_width_nofit) : FAILED.
    First line of code: {return test("%2p", NULL);}
      expected return value : 3
      your return value     : 4
      expected output : "0x0"
      your output     : "0x 0"
      expected (nonprintable as hex) : "0x0"
      actual   (nonprintable as hex) : "0x 0"

Test 429 (p_void) : FAILED.
    First line of code: {return test("%.p", NULL);}
      expected return value : 2
      your return value     : 3
      expected output : "0x"
      your output     : "0x0"
      expected (nonprintable as hex) : "0x"
      actual   (nonprintable as hex) : "0x0"

Test 430 (p_void_width_fit) : FAILED.
    First line of code: {return test("%5.p", NULL);}
      expected return value : 5
      your return value     : 7
      expected output : "   0x"
      your output     : "0x    0"
      expected (nonprintable as hex) : "   0x"
      actual   (nonprintable as hex) : "0x    0"

Test 431 (p_void_width_nofit) : FAILED.
    First line of code: {return test("%2.p", NULL);}
      expected return value : 2
      your return value     : 4
      expected output : "0x"
      your output     : "0x 0"
      expected (nonprintable as hex) : "0x"
      actual   (nonprintable as hex) : "0x 0"

Test 432 (p_ftfc_literal_9w_prec2_undefbehav) : FAILED.
    First line of code: {return test("%9.2p
", 1234);}
      expected return value : 11
      your return value     : 13
      expected output : "    0x4d2
"
      your output     : "0x      4d2
"
      expected (nonprintable as hex) : "    0x4d2\x0a"
      actual   (nonprintable as hex) : "0x      4d2\x0a"

Test 435 (p_ftfc_zero_prec0_undefbehav) : FAILED.
    First line of code: {return test("%.0p", 0);}
      expected return value : 2
      your return value     : 3
      expected output : "0x"
      your output     : "0x0"
      expected (nonprintable as hex) : "0x"
      actual   (nonprintable as hex) : "0x0"

Test 436 (p_ftfc_5w_throwswarning) : FAILED.
    First line of code: {return test("%5p", 0);}
      expected return value : 5
      your return value     : 7
      expected output : "  0x0"
      your output     : "0x    0"
      expected (nonprintable as hex) : "  0x0"
      actual   (nonprintable as hex) : "0x    0"

Test 438 (p_width_fit) : FAILED.
    First line of code: {return test("%70p%70p%70p%70p%70p%70p%70p%70p%70p%70p%70p%70p",&a01,&a02,&a03,&a04,&a05,&a06,&a07,&a08,&a09,&a10,&a11,&a12);      expected return value : 1012
      your return value     : 1038
      expected output : "                                                           0x10f4199d8                                                           0x10f4199d9          "
      your output     : "0x                                                             10f4199d80x                                                             10f4199d90x    "
      expected (nonprintable as hex) : "                                                           0x10f4199d8                                                           0x10f4199d9          "
      actual   (nonprintable as hex) : "0x                                                             10f4199d80x                                                             10f4199d90x    "

Test 440 (p_width_16) : FAILED.
    First line of code: {return test("%16p%16p%16p%16p%16p%16p%16p%16p%16p%16p%16p%16p",&a01,&a02,&a03,&a04,&a05,&a06,&a07,&a08,&a09,&a10,&a11,&a12);      expected return value : 222
      your return value     : 259
      expected output : "     0x10f4199d8     0x10f4199d9     0x10f4199da     0x10f4199dc     0x10f4199e0     0x10f4199e4     0x10f4199e8     0x10f4199f0     0x10f4199f8     0"
      your output     : "0x       10f4199d80x       10f4199d90x       10f4199da0x       10f4199dc0x       10f4199e00x       10f4199e40x       10f4199e80x       10f4199f00x    "
      expected (nonprintable as hex) : "     0x10f4199d8     0x10f4199d9     0x10f4199da     0x10f4199dc     0x10f4199e0     0x10f4199e4     0x10f4199e8     0x10f4199f0     0x10f4199f8     0"
      actual   (nonprintable as hex) : "0x       10f4199d80x       10f4199d90x       10f4199da0x       10f4199dc0x       10f4199e00x       10f4199e40x       10f4199e80x       10f4199f00x    "

Test 442 (p_width_32) : FAILED.
    First line of code: {return test("%32p%32p%32p%32p%32p%32p%32p%32p%32p%32p%32p%32p",&a01,&a02,&a03,&a04,&a05,&a06,&a07,&a08,&a09,&a10,&a11,&a12);      expected return value : 455
      your return value     : 492
      expected output : "                     0x10f4199d8                     0x10f4199d9                     0x10f4199da                     0x10f4199dc                     0"
      your output     : "0x                       10f4199d80x                       10f4199d90x                       10f4199da0x                       10f4199dc0x            "
      expected (nonprintable as hex) : "                     0x10f4199d8                     0x10f4199d9                     0x10f4199da                     0x10f4199dc                     0"
      actual   (nonprintable as hex) : "0x                       10f4199d80x                       10f4199d90x                       10f4199da0x                       10f4199dc0x            "

Test 443 (p_width_fit_lj) : FAILED.
    First line of code: {return test("%-70p%-70p%-70p%-70p%-70p%-70p%-70p%-70p%-70p%-70p%-70p%-70p",&a01,&a02,&a03,&a04,&a05,&a06,&a07,&a08,&a09,&a10      expected return value : 1012
      your return value     : 1038
      expected output : "0x10f4199d8                                                           0x10f4199d9                                                           0x10f4199d"
      your output     : "0x                                                             10f4199d80x                                                             10f4199d90x    "
      expected (nonprintable as hex) : "0x10f4199d8                                                           0x10f4199d9                                                           0x10f4199d"
      actual   (nonprintable as hex) : "0x                                                             10f4199d80x                                                             10f4199d90x    "

Test 445 (p_width_16_lj) : FAILED.
    First line of code: {return test("%-16p%-16p%-16p%-16p%-16p%-16p%-16p%-16p%-16p%-16p%-16p%-16p",&a01,&a02,&a03,&a04,&a05,&a06,&a07,&a08,&a09,&a10      expected return value : 222
      your return value     : 259
      expected output : "0x10f4199d8     0x10f4199d9     0x10f4199da     0x10f4199dc     0x10f4199e0     0x10f4199e4     0x10f4199e8     0x10f4199f0     0x10f4199f8     0x10f4"
      your output     : "0x       10f4199d80x       10f4199d90x       10f4199da0x       10f4199dc0x       10f4199e00x       10f4199e40x       10f4199e80x       10f4199f00x    "
      expected (nonprintable as hex) : "0x10f4199d8     0x10f4199d9     0x10f4199da     0x10f4199dc     0x10f4199e0     0x10f4199e4     0x10f4199e8     0x10f4199f0     0x10f4199f8     0x10f4"
      actual   (nonprintable as hex) : "0x       10f4199d80x       10f4199d90x       10f4199da0x       10f4199dc0x       10f4199e00x       10f4199e40x       10f4199e80x       10f4199f00x    "

Test 447 (p_width_32_lj) : FAILED.
    First line of code: {return test("%-32p%-32p%-32p%-32p%-32p%-32p%-32p%-32p%-32p%-32p%-32p%-32p",&a01,&a02,&a03,&a04,&a05,&a06,&a07,&a08,&a09,&a10      expected return value : 455
      your return value     : 492
      expected output : "0x10f4199d8                     0x10f4199d9                     0x10f4199da                     0x10f4199dc                     0x10f4199e0           "
      your output     : "0x                       10f4199d80x                       10f4199d90x                       10f4199da0x                       10f4199dc0x            "
      expected (nonprintable as hex) : "0x10f4199d8                     0x10f4199d9                     0x10f4199da                     0x10f4199dc                     0x10f4199e0           "
      actual   (nonprintable as hex) : "0x                       10f4199d80x                       10f4199d90x                       10f4199da0x                       10f4199dc0x            "

Test 450 (c_128_255_combined) : FAILED.
    First line of code: {return test("%c%c%c%c%c%c%c%c%c%c%c%c%c%c%c%c%c%c%c%c%c%c%c%c%c%c%c%c%c%c%c%c%c%c%c%c%c%c%c%c%c%c%c%c%c%c%c%c%c%c%c%c%c%c%c%      expected return value : 151
      your return value     : 0
      expected output : ""
      your output     : " "
      expected (nonprintable as hex) : "\x80\x81\x82\x83\x84\x85\x86\x87\x88\x89\x8a\x8b\x8c\x8d\x8e\x8f\x90\x91\x92\x93\x94\x95\x96\x97\x98\x99\x9a\x9b\x9c\x9d\x9e\x9f\xa0\xa1\xa2\xa3\xa4\xa5\xa6\xa7\xa8\xa9\xaa\xab\xac\xad\xae\xaf\xb0\xb1\xb2\xb3\xb4\xb5\xb6\xb7\xb8\xb9\xba\xbb\xbc\xbd\xbe\xbf\xc0\xc1\xc2\xc3\xc4\xc5\xc6\xc7\xc8\xc9\xca\xcb\xcc\xcd\xce\xcf\xd0\xd1\xd2\xd3\xd4\xd5\xd6\xd7\xd8\xd9\xda\xdb\xdc\xdd\xde\xdf\xe0\xe1\xe2\xe3\xe4\xe5\xe6\xe7\xe8\xe9\xea\xeb\xec\xed\xee\xef\xf0\xf1\xf2\xf3\xf4\xf5\xf6\xf7\xf8\xf9\xfa\xfb\xfc\xfd\xfe\xff"
      actual   (nonprintable as hex) : "\x80\x81\x82\x83\x84\x85\x86\x87\x88\x89\x8a\x8b\x8c\x8d\x8e\x8f\x90\x91\x92\x93\x94\x95\x96\x97\x98\x99\x9a\x9b\x9c\x9d\x9e\x9f\xa0\xa1\xa2\xa3\xa4\xa5\xa6\xa7\xa8\xa9\xaa\xab\xac\xad\xae\xaf\xb0\xb1\xb2\xb3\xb4\xb5\xb6\xb7\xb8\xb9\xba\xbb\xbc\xbd\xbe\xbf\xc0\xc1\xc2\xc3\xc4\xc5\xc6\xc7\xc8\xc9\xca\xcb\xcc\xcd\xce\xcf\xd0\xd1\xd2\xd3\xd4\xd5\xd6\xd7\xd8\xd9\xda\xdb\xdc\xdd\xde\xdf\xe0\xe1\xe2\xe3\xe4\xe5\xe6\xe7\xe8\xe9\xea\xeb\xec\xed\xee\xef\xf0\xf1\xf2\xf3\xf4\xf5\xf6\xf7\xf8\xf9\xfa\xfb\xfc\xfd\xfe\x00"

Test 451 (c_allprintable_width) : FAILED.
    First line of code: {return test("%1c%2c%3c%4c%1c%2c%3c%4c%1c%2c%3c%4c%1c%2c%3c%4c%1c%2c%3c%4c%1c%2c%3c%4c%1c%2c%3c%4c%1c%2c%3c%4c%1c%2c%3c%4c%1c      expected return value : 286
      your return value     : 105
      expected output : "  !  "   #$ %  &   '( )  *   +, -  .   /0 1  2   34 5  6   78 9  :   ;< =  >   ?@ A  B   CD E  F   GH I  J   KL M  N   OP Q  R   ST U  V   WX Y  Z   ["
      your output     : " !"#$%&'()*+,-./0123456789:;<=>?@ABCDEFGHIJKLMNOPQRSTUVWXYZ[\]^_`abcdefghijklmnopqrstuvwxyz{|}~"
      expected (nonprintable as hex) : "  !  "   #$ %  &   '( )  *   +, -  .   /0 1  2   34 5  6   78 9  :   ;< =  >   ?@ A  B   CD E  F   GH I  J   KL M  N   OP Q  R   ST U  V   WX Y  Z   ["
      actual   (nonprintable as hex) : " !"#$%&'()*+,-./0123456789:;<=>?@ABCDEFGHIJKLMNOPQRSTUVWXYZ[\]^_`abcdefghijklmnopqrstuvwxyz{|}~\x7f"

Test 452 (c_1_31_width) : FAILED.
    First line of code: {return test("%2c%3c%4c%1c%2c%3c%4c%1c%2c%3c%4c%1c%2c%3c%4c%1c%2c%3c%4c%1c%2c%3c%4c%1c%2c%3c%4c%1c%2c%3c%4c",(char)1,(char)2,      expected return value : 86
      your return value     : 34
      expected output : "             	  
                                 "
      your output     : "	
"
      expected (nonprintable as hex) : " \x01  \x02   \x03\x04 \x05  \x06   \x07\x08 \x09  \x0a   \x0b\x0c \x0d  \x0e   \x0f\x10 \x11  \x12   \x13\x14 \x15  \x16   \x17\x18 \x19  \x1a   \x1b\x1c \x1d  \x1e   \x1f"
      actual   (nonprintable as hex) : "\x01\x02\x03\x04\x05\x06\x07\x08\x09\x0a\x0b\x0c\x0d\x0e\x0f\x10\x11\x12\x13\x14\x15\x16\x17\x18\x19\x1a\x1b\x1c\x1d\x1e\x1f"

Test 453 (c_128_255_width) : FAILED.
    First line of code: {return test("%1c%2c%3c%4c%1c%2c%3c%4c%1c%2c%3c%4c%1c%2c%3c%4c%1c%2c%3c%4c%1c%2c%3c%4c%1c%2c%3c%4c%1c%2c%3c%4c%1c%2c%3c%4c%1c      expected return value : 385
      your return value     : 0
      expected output : "                                                                                          "
      your output     : " "
      expected (nonprintable as hex) : "\x80 \x81  \x82   \x83\x84 \x85  \x86   \x87\x88 \x89  \x8a   \x8b\x8c \x8d  \x8e   \x8f\x90 \x91  \x92   \x93\x94 \x95  \x96   \x97\x98 \x99  \x9a   \x9b\x9c \x9d  \x9e   \x9f\xa0 \xa1  \xa2   \xa3\xa4 \xa5  \xa6   \xa7\xa8 \xa9  \xaa   \xab\xac \xad  \xae   \xaf\xb0 \xb1  \xb2   \xb3\xb4 \xb5  \xb6   \xb7\xb8 \xb9  \xba   \xbb"
      actual   (nonprintable as hex) : "\x80\x81\x82\x83\x84\x85\x86\x87\x88\x89\x8a\x8b\x8c\x8d\x8e\x8f\x90\x91\x92\x93\x94\x95\x96\x97\x98\x99\x9a\x9b\x9c\x9d\x9e\x9f\xa0\xa1\xa2\xa3\xa4\xa5\xa6\xa7\xa8\xa9\xaa\xab\xac\xad\xae\xaf\xb0\xb1\xb2\xb3\xb4\xb5\xb6\xb7\xb8\xb9\xba\xbb\xbc\xbd\xbe\xbf\xc0\xc1\xc2\xc3\xc4\xc5\xc6\xc7\xc8\xc9\xca\xcb\xcc\xcd\xce\xcf\xd0\xd1\xd2\xd3\xd4\xd5\xd6\xd7\xd8\xd9\xda\xdb\xdc\xdd\xde\xdf\xe0\xe1\xe2\xe3\xe4\xe5\xe6\xe7\xe8\xe9\xea\xeb\xec\xed\xee\xef\xf0\xf1\xf2\xf3\xf4\xf5\xf6\xf7\xf8\xf9\xfa\xfb\xfc\xfd\xfe\x00"

Test 454 (c_allprintable_width_lj) : FAILED.
    First line of code: {return test("%-2c%-3c%-4c%-1c%-2c%-3c%-4c%-1c%-2c%-3c%-4c%-1c%-2c%-3c%-4c%-1c%-2c%-3c%-4c%-1c%-2c%-3c%-4c%-1c%-2c%-3c%-4c%-1      expected return value : 286
      your return value     : 105
      expected output : "  !  "   #$ %  &   '( )  *   +, -  .   /0 1  2   34 5  6   78 9  :   ;< =  >   ?@ A  B   CD E  F   GH I  J   KL M  N   OP Q  R   ST U  V   WX Y  Z   ["
      your output     : " !"#$%&'()*+,-./0123456789:;<=>?@ABCDEFGHIJKLMNOPQRSTUVWXYZ[\]^_`abcdefghijklmnopqrstuvwxyz{|}~"
      expected (nonprintable as hex) : "  !  "   #$ %  &   '( )  *   +, -  .   /0 1  2   34 5  6   78 9  :   ;< =  >   ?@ A  B   CD E  F   GH I  J   KL M  N   OP Q  R   ST U  V   WX Y  Z   ["
      actual   (nonprintable as hex) : " !"#$%&'()*+,-./0123456789:;<=>?@ABCDEFGHIJKLMNOPQRSTUVWXYZ[\]^_`abcdefghijklmnopqrstuvwxyz{|}~\x7f"

Test 455 (c_1_31_width_lj) : FAILED.
    First line of code: {return test("%-2c%-3c%-4c%-1c%-2c%-3c%-4c%-1c%-2c%-3c%-4c%-1c%-2c%-3c%-4c%-1c%-2c%-3c%-4c%-1c%-2c%-3c%-4c%-1c%-2c%-3c%-4c%-1      expected return value : 86
      your return value     : 34
      expected output : "            	 
                                   "
      your output     : "	
"
      expected (nonprintable as hex) : "\x01 \x02  \x03   \x04\x05 \x06  \x07   \x08\x09 \x0a  \x0b   \x0c\x0d \x0e  \x0f   \x10\x11 \x12  \x13   \x14\x15 \x16  \x17   \x18\x19 \x1a  \x1b   \x1c\x1d \x1e  \x1f   "
      actual   (nonprintable as hex) : "\x01\x02\x03\x04\x05\x06\x07\x08\x09\x0a\x0b\x0c\x0d\x0e\x0f\x10\x11\x12\x13\x14\x15\x16\x17\x18\x19\x1a\x1b\x1c\x1d\x1e\x1f"

Test 456 (c_128_255_width_lj) : FAILED.
    First line of code: {return test("%-1c%-2c%-3c%-4c%-1c%-2c%-3c%-4c%-1c%-2c%-3c%-4c%-1c%-2c%-3c%-4c%-1c%-2c%-3c%-4c%-1c%-2c%-3c%-4c%-1c%-2c%-3c%-4      expected return value : 385
      your return value     : 0
      expected output : "                                                                                          "
      your output     : " "
      expected (nonprintable as hex) : "\x80\x81 \x82  \x83   \x84\x85 \x86  \x87   \x88\x89 \x8a  \x8b   \x8c\x8d \x8e  \x8f   \x90\x91 \x92  \x93   \x94\x95 \x96  \x97   \x98\x99 \x9a  \x9b   \x9c\x9d \x9e  \x9f   \xa0\xa1 \xa2  \xa3   \xa4\xa5 \xa6  \xa7   \xa8\xa9 \xaa  \xab   \xac\xad \xae  \xaf   \xb0\xb1 \xb2  \xb3   \xb4\xb5 \xb6  \xb7   \xb8\xb9 \xba  \xbb   "
      actual   (nonprintable as hex) : "\x80\x81\x82\x83\x84\x85\x86\x87\x88\x89\x8a\x8b\x8c\x8d\x8e\x8f\x90\x91\x92\x93\x94\x95\x96\x97\x98\x99\x9a\x9b\x9c\x9d\x9e\x9f\xa0\xa1\xa2\xa3\xa4\xa5\xa6\xa7\xa8\xa9\xaa\xab\xac\xad\xae\xaf\xb0\xb1\xb2\xb3\xb4\xb5\xb6\xb7\xb8\xb9\xba\xbb\xbc\xbd\xbe\xbf\xc0\xc1\xc2\xc3\xc4\xc5\xc6\xc7\xc8\xc9\xca\xcb\xcc\xcd\xce\xcf\xd0\xd1\xd2\xd3\xd4\xd5\xd6\xd7\xd8\xd9\xda\xdb\xdc\xdd\xde\xdf\xe0\xe1\xe2\xe3\xe4\xe5\xe6\xe7\xe8\xe9\xea\xeb\xec\xed\xee\xef\xf0\xf1\xf2\xf3\xf4\xf5\xf6\xf7\xf8\xf9\xfa\xfb\xfc\xfd\xfe\x00"

Test 457 (c_nullterm_basic) : FAILED.
    First line of code: {return test("%c", '
      expected return value : 1
      your return value     : 0
      expected output : " "
      your output     : " "
      expected (nonprintable as hex) : "\x00"
      actual   (nonprintable as hex) : "\x00"

Test 458 (c_nullterm_5w) : FAILED.
    First line of code: {return test("%5c", '
      expected return value : 5
      your return value     : 0
      expected output : "     "
      your output     : " "
      expected (nonprintable as hex) : "    \x00"
      actual   (nonprintable as hex) : "\x00"

Test 459 (c_nullterm_5wlj) : FAILED.
    First line of code: {return test("%-5c", '
      expected return value : 5
      your return value     : 0
      expected output : "     "
      your output     : " "
      expected (nonprintable as hex) : "\x00    "
      actual   (nonprintable as hex) : "\x00"

Test 479 (nocrash_noarg_1_notmandatory) : FAILED.
    (nocrash test: automatically passes provided no unexpected failure)
    First line of code: {return test("%1$"); }
    Timed out

Test 480 (nocrash_noarg_2_notmandatory) : FAILED.
    (nocrash test: automatically passes provided no unexpected failure)
    First line of code: {return test("%0"); }
    Timed out

Test 481 (nocrash_noarg_3_notmandatory) : FAILED.
    (nocrash test: automatically passes provided no unexpected failure)
    First line of code: {return test("% "); }
    Timed out

Test 482 (nocrash_noarg_4_notmandatory) : FAILED.
    (nocrash test: automatically passes provided no unexpected failure)
    First line of code: {return test("%#"); }
    Timed out

Test 483 (nocrash_noarg_5_notmandatory) : FAILED.
    (nocrash test: automatically passes provided no unexpected failure)
    First line of code: {return test("%-"); }
    Timed out

Test 484 (nocrash_noarg_6_notmandatory) : FAILED.
    (nocrash test: automatically passes provided no unexpected failure)
    First line of code: {return test("%+"); }
    Timed out

Test 485 (nocrash_noarg_9_notmandatory) : FAILED.
    (nocrash test: automatically passes provided no unexpected failure)
    First line of code: {return test("%23"); }
    Timed out

Test 486 (nocrash_noarg_10_notmandatory) : FAILED.
    (nocrash test: automatically passes provided no unexpected failure)
    First line of code: {return test("%."); }
    Timed out

Test 487 (nocrash_noarg_11_notmandatory) : FAILED.
    (nocrash test: automatically passes provided no unexpected failure)
    First line of code: {return test("%hh"); }
    Timed out

Test 488 (nocrash_noarg_12_notmandatory) : FAILED.
    (nocrash test: automatically passes provided no unexpected failure)
    First line of code: {return test("%h"); }
    Timed out

Test 489 (nocrash_noarg_13_notmandatory) : FAILED.
    (nocrash test: automatically passes provided no unexpected failure)
    First line of code: {return test("%ll"); }
    Timed out

Test 490 (nocrash_noarg_14_notmandatory) : FAILED.
    (nocrash test: automatically passes provided no unexpected failure)
    First line of code: {return test("%l"); }
    Timed out

Test 491 (nocrash_noarg_15_notmandatory) : FAILED.
    (nocrash test: automatically passes provided no unexpected failure)
    First line of code: {return test("%L"); }
    Timed out

Test 500 (nocrash_nullarg_1) : FAILED.
    (nocrash test: automatically passes provided no unexpected failure)
    First line of code: {return test("%1$s", NULL); }
    SEGFAULT

Test 501 (nocrash_nullarg_2) : FAILED.
    (nocrash test: automatically passes provided no unexpected failure)
    First line of code: {return test("%0s", NULL); }
    SEGFAULT

Test 502 (nocrash_nullarg_3) : FAILED.
    (nocrash test: automatically passes provided no unexpected failure)
    First line of code: {return test("% s", NULL); }
    SEGFAULT

Test 503 (nocrash_nullarg_4) : FAILED.
    (nocrash test: automatically passes provided no unexpected failure)
    First line of code: {return test("%#s", NULL); }
    SEGFAULT

Test 504 (nocrash_nullarg_5) : FAILED.
    (nocrash test: automatically passes provided no unexpected failure)
    First line of code: {return test("%-s", NULL); }
    SEGFAULT

Test 505 (nocrash_nullarg_6) : FAILED.
    (nocrash test: automatically passes provided no unexpected failure)
    First line of code: {return test("%+s", NULL); }
    SEGFAULT

Test 506 (nocrash_nullarg_9) : FAILED.
    (nocrash test: automatically passes provided no unexpected failure)
    First line of code: {return test("%23s", NULL); }
    SEGFAULT

Test 507 (nocrash_nullarg_10) : FAILED.
    (nocrash test: automatically passes provided no unexpected failure)
    First line of code: {return test("%.s", NULL); }
    SEGFAULT

Test 508 (nocrash_nullarg_11) : FAILED.
    (nocrash test: automatically passes provided no unexpected failure)
    First line of code: {return test("%hhs", NULL); }
    SEGFAULT

Test 509 (nocrash_nullarg_12) : FAILED.
    (nocrash test: automatically passes provided no unexpected failure)
    First line of code: {return test("%hs", NULL); }
    SEGFAULT

Test 510 (nocrash_nullarg_13) : FAILED.
    (nocrash test: automatically passes provided no unexpected failure)
    First line of code: {return test("%lls", NULL); }
    SEGFAULT

Test 511 (nocrash_nullarg_14) : FAILED.
    (nocrash test: automatically passes provided no unexpected failure)
    First line of code: {return test("%ls", NULL); }
    SEGFAULT

Test 512 (nocrash_nullarg_15) : FAILED.
    (nocrash test: automatically passes provided no unexpected failure)
    First line of code: {return test("%Ls", NULL); }
    SEGFAULT

Test 515 (nocrash_nullarg_18) : FAILED.
    (nocrash test: automatically passes provided no unexpected failure)
    First line of code: {return test("%b", NULL); }
    Timed out

Test 520 (nocrash_nullarg_23) : FAILED.
    (nocrash test: automatically passes provided no unexpected failure)
    First line of code: {return test("%s", NULL); }
    SEGFAULT

Test 526 (nocrash_mandatory_wformat_undefbehav_04) : FAILED.
    (nocrash test: automatically passes provided no unexpected failure)
    First line of code: {return test("%021s", NULL);}
    SEGFAULT

Test 527 (nocrash_mandatory_wformat_undefbehav_05) : FAILED.
    (nocrash test: automatically passes provided no unexpected failure)
    First line of code: {return test("%02s", NULL);}
    SEGFAULT

Test 528 (nocrash_mandatory_wformat_undefbehav_06) : FAILED.
    (nocrash test: automatically passes provided no unexpected failure)
    First line of code: {return test("%-021s", NULL);}
    SEGFAULT

Test 529 (nocrash_mandatory_wformat_undefbehav_07) : FAILED.
    (nocrash test: automatically passes provided no unexpected failure)
    First line of code: {return test("%-03s", NULL);}
    SEGFAULT

Test 627 (moul_s_4) : FAILED.
    First line of code: {char *str = NULL; return test("%s!", str);}
    SEGFAULT

Test 645 (moul_c_4) : FAILED.
    First line of code: {return test("%c", -0);}
      expected return value : 1
      your return value     : 0
      expected output : " "
      your output     : " "
      expected (nonprintable as hex) : "\x00"
      actual   (nonprintable as hex) : "\x00"

Test 646 (moul_c_5) : FAILED.
    First line of code: {return test("%c", 0);}
      expected return value : 1
      your return value     : 0
      expected output : " "
      your output     : " "
      expected (nonprintable as hex) : "\x00"
      actual   (nonprintable as hex) : "\x00"

Test 647 (moul_c_5b) : FAILED.
    First line of code: {return test("%c
", INT_MAX);}
      expected return value : 2
      your return value     : 1
      expected output : "
"
      your output     : " 
"
      expected (nonprintable as hex) : "\xff\x0a"
      actual   (nonprintable as hex) : "\x00\x0a"

Test 707 (moul_prec_1) : FAILED.
    First line of code: {return test("%%-5.3s LYDI == |%-5.3s|
", "LYDI");}
      expected return value : 25
      your return value     : 24
      expected output : "%-5.3s LYDI == |LYD  |
"
      your output     : "%-5.3s LYDI == |LYDI|
"
      expected (nonprintable as hex) : "%-5.3s LYDI == |LYD  |\x0a"
      actual   (nonprintable as hex) : "%-5.3s LYDI == |LYDI|\x0a"

Test 711 (moul_zeropad_1) : FAILED.
    First line of code: {return test("%%04i 42 == |%04i|
", 42);}
      expected return value : 19
      your return value     : 19
      expected output : "%04i 42 == |0042|
"
      your output     : "%04i 42 == |  42|
"
      expected (nonprintable as hex) : "%04i 42 == |0042|\x0a"
      actual   (nonprintable as hex) : "%04i 42 == |  42|\x0a"

Test 712 (moul_zeropad_2) : FAILED.
    First line of code: {return test("%%05i 42 == |%05i|
", 42);}
      expected return value : 20
      your return value     : 20
      expected output : "%05i 42 == |00042|
"
      your output     : "%05i 42 == |   42|
"
      expected (nonprintable as hex) : "%05i 42 == |00042|\x0a"
      actual   (nonprintable as hex) : "%05i 42 == |   42|\x0a"

Test 718 (moul_leftjusty_4) : FAILED.
    First line of code: {return test("%%-4d 42 == |%-4d|
", 42);}
      expected return value : 19
      your return value     : 19
      expected output : "%-4d 42 == |42  |
"
      your output     : "%-4d 42 == |  42|
"
      expected (nonprintable as hex) : "%-4d 42 == |42  |\x0a"
      actual   (nonprintable as hex) : "%-4d 42 == |  42|\x0a"

Test 719 (moul_leftjusty_5) : FAILED.
    First line of code: {return test("%%-5d -42 == |%-5d|
", -42);}
      expected return value : 22
      your return value     : 19
      expected output : "%-5d -42 == |-42  |
"
      your output     : "%-5d -42 == |-42|
"
      expected (nonprintable as hex) : "%-5d -42 == |-42  |\x0a"
      actual   (nonprintable as hex) : "%-5d -42 == |-42|\x0a"

Test 720 (moul_leftjusty_6) : FAILED.
    First line of code: {return test("|%3i|%-3i|
", 42, 42);}
      expected return value : 11
      your return value     : 11
      expected output : "| 42|42 |
"
      your output     : "| 42| 42|
"
      expected (nonprintable as hex) : "| 42|42 |\x0a"
      actual   (nonprintable as hex) : "| 42| 42|\x0a"

Test 721 (moul_leftjusty_7) : FAILED.
    First line of code: {return test("%%-4i 42 == |%-4i|
", 42);}
      expected return value : 19
      your return value     : 19
      expected output : "%-4i 42 == |42  |
"
      your output     : "%-4i 42 == |  42|
"
      expected (nonprintable as hex) : "%-4i 42 == |42  |\x0a"
      actual   (nonprintable as hex) : "%-4i 42 == |  42|\x0a"

Test 722 (moul_notmandatory_star_1) : FAILED.
    First line of code: {return test("%%-*.3s LYDI == |%-*.3s|
", 5, "LYDI");}
      expected return value : 25
      your return value     : 24
      expected output : "%-*.3s LYDI == |LYD  |
"
      your output     : "%-*.3s LYDI == |LYDI|
"
      expected (nonprintable as hex) : "%-*.3s LYDI == |LYD  |\x0a"
      actual   (nonprintable as hex) : "%-*.3s LYDI == |LYDI|\x0a"

Test 726 (new2019_star_1) : FAILED.
    First line of code: {return test("%*s", 32, "abc");}
      expected return value : 35
      your return value     : 3
      expected output : "                             abc"
      your output     : "abc"
      expected (nonprintable as hex) : "                             abc"
      actual   (nonprintable as hex) : "abc"

Test 727 (new2019_star_2) : FAILED.
    First line of code: {return test("%-*s", 32, "abc");}
      expected return value : 35
      your return value     : 3
      expected output : "abc                             "
      your output     : "abc"
      expected (nonprintable as hex) : "abc                             "
      actual   (nonprintable as hex) : "abc"

Test 729 (new2019_star_4) : FAILED.
    First line of code: {return test("%.*s", 3, "hello");}
    SEGFAULT

Test 730 (new2019_star_5) : FAILED.
    First line of code: {return test("%.*s", 0, "hello");}
    SEGFAULT

Test 731 (new2019_star_6) : FAILED.
    First line of code: {return test("%-*.*s", 7, 3, "yolo");}
    SEGFAULT

Test 734 (new2019_star_9) : FAILED.
    First line of code: {return test("%.*i", 6, -3);}
      expected return value : 7
      your return value     : 1
      expected output : "-000003"
      your output     : "6"
      expected (nonprintable as hex) : "-000003"
      actual   (nonprintable as hex) : "6"

Test 735 (new2019_star_10) : FAILED.
    First line of code: {return test("%0*i", 7, -54);}
      expected return value : 7
      your return value     : 3
      expected output : "-000054"
      your output     : "-54"
      expected (nonprintable as hex) : "-000054"
      actual   (nonprintable as hex) : "-54"

Test 736 (new2019_negstar_1) : FAILED.
    First line of code: {return test("%*s", -32, "abc");}
      expected return value : 35
      your return value     : 3
      expected output : "abc                             "
      your output     : "abc"
      expected (nonprintable as hex) : "abc                             "
      actual   (nonprintable as hex) : "abc"

Test 737 (new2019_negstar_2) : FAILED.
    First line of code: {return test("%-*s", -32, "abc");}
      expected return value : 35
      your return value     : 3
      expected output : "abc                             "
      your output     : "abc"
      expected (nonprintable as hex) : "abc                             "
      actual   (nonprintable as hex) : "abc"

Test 739 (new2019_negstar_4) : FAILED.
    First line of code: {return test("%.*s", -3, "hello");}
    SEGFAULT

Test 740 (new2019_negstar_5) : FAILED.
    First line of code: {return test("%-*.*s", -7, -3, "yolo");}
    SEGFAULT

Test 742 (new2019_negstar_7) : FAILED.
    First line of code: {return test("%*i", -14, 94827);}
      expected return value : 15
      your return value     : 5
      expected output : "94827         "
      your output     : "94827"
      expected (nonprintable as hex) : "94827         "
      actual   (nonprintable as hex) : "94827"

Test 743 (new2019_negstar_8) : FAILED.
    First line of code: {return test("%.*i", -6, -3);}
      expected return value : 2
      your return value     : 2
      expected output : "-3"
      your output     : "-6"
      expected (nonprintable as hex) : "-3"
      actual   (nonprintable as hex) : "-6"

Test 744 (new2019_negstar_9) : FAILED.
    First line of code: {return test("%0*i", -7, -54);}
      expected return value : 7
      your return value     : 3
      expected output : "-54    "
      your output     : "-54"
      expected (nonprintable as hex) : "-54    "
      actual   (nonprintable as hex) : "-54"

